# JRE version: OpenJDK Runtime Environment (17.0.6) (build 17.0.6+0-b2043.56-9586694)
# Java VM: OpenJDK 64-Bit Server VM (17.0.6+0-b2043.56-9586694, mixed mode, tiered, compressed oops, compressed class ptrs, g1 gc, windows-amd64)
GC Precious Log:
 CPUs: 8 total, 8 available
 Memory: 15931M
 Large Page Support: Disabled
 NUMA Support: Disabled
 Compressed Oops: Enabled (Zero based)
 Heap Region Size: 2M
 Heap Min Capacity: 8M
 Heap Initial Capacity: 250M
 Heap Max Capacity: 3984M
 Pre-touch: Disabled
 Parallel Workers: 8
 Concurrent Workers: 2
 Concurrent Refinement Workers: 8
 Periodic GC: Disabled
Heap:
 garbage-first heap   total 153600K, used 70227K [0x0000000707000000, 0x0000000800000000)
  region size 2048K, 24 young (49152K), 1 survivors (2048K)
 Metaspace       used 49113K, committed 49344K, reserved 1097728K
  class space    used 5906K, committed 6016K, reserved 1048576K
GC Heap History (18 events):
Event: 0.794 GC heap before
{Heap before GC invocations=0 (full 0):
 garbage-first heap   total 256000K, used 24576K [0x0000000707000000, 0x0000000800000000)
  region size 2048K, 11 young (22528K), 0 survivors (0K)
 Metaspace       used 12889K, committed 12992K, reserved 1064960K
  class space    used 1227K, committed 1280K, reserved 1048576K
}
Event: 0.802 GC heap after
{Heap after GC invocations=1 (full 0):
 garbage-first heap   total 256000K, used 6741K [0x0000000707000000, 0x0000000800000000)
  region size 2048K, 2 young (4096K), 2 survivors (4096K)
 Metaspace       used 12889K, committed 12992K, reserved 1064960K
  class space    used 1227K, committed 1280K, reserved 1048576K
}
Event: 2.016 GC heap before
{Heap before GC invocations=1 (full 0):
 garbage-first heap   total 256000K, used 37461K [0x0000000707000000, 0x0000000800000000)
  region size 2048K, 17 young (34816K), 2 survivors (4096K)
 Metaspace       used 20198K, committed 20288K, reserved 1073152K
  class space    used 2197K, committed 2240K, reserved 1048576K
}
Event: 2.024 GC heap after
{Heap after GC invocations=2 (full 0):
 garbage-first heap   total 256000K, used 10106K [0x0000000707000000, 0x0000000800000000)
  region size 2048K, 3 young (6144K), 3 survivors (6144K)
 Metaspace       used 20198K, committed 20288K, reserved 1073152K
  class space    used 2197K, committed 2240K, reserved 1048576K
}
Event: 2.119 GC heap before
{Heap before GC invocations=2 (full 0):
 garbage-first heap   total 256000K, used 12154K [0x0000000707000000, 0x0000000800000000)
  region size 2048K, 5 young (10240K), 3 survivors (6144K)
 Metaspace       used 21313K, committed 21504K, reserved 1073152K
  class space    used 2323K, committed 2432K, reserved 1048576K
}
Event: 2.127 GC heap after
{Heap after GC invocations=3 (full 0):
 garbage-first heap   total 256000K, used 10658K [0x0000000707000000, 0x0000000800000000)
  region size 2048K, 4 young (8192K), 4 survivors (8192K)
 Metaspace       used 21313K, committed 21504K, reserved 1073152K
  class space    used 2323K, committed 2432K, reserved 1048576K
}
Event: 2.825 GC heap before
{Heap before GC invocations=4 (full 0):
 garbage-first heap   total 49152K, used 35234K [0x0000000707000000, 0x0000000800000000)
  region size 2048K, 15 young (30720K), 4 survivors (8192K)
 Metaspace       used 27921K, committed 28160K, reserved 1081344K
  class space    used 3066K, committed 3200K, reserved 1048576K
}
Event: 2.834 GC heap after
{Heap after GC invocations=5 (full 0):
 garbage-first heap   total 49152K, used 16634K [0x0000000707000000, 0x0000000800000000)
  region size 2048K, 5 young (10240K), 5 survivors (10240K)
 Metaspace       used 27921K, committed 28160K, reserved 1081344K
  class space    used 3066K, committed 3200K, reserved 1048576K
}
Event: 3.293 GC heap before
{Heap before GC invocations=5 (full 0):
 garbage-first heap   total 49152K, used 30970K [0x0000000707000000, 0x0000000800000000)
  region size 2048K, 12 young (24576K), 5 survivors (10240K)
 Metaspace       used 31198K, committed 31424K, reserved 1081344K
  class space    used 3772K, committed 3904K, reserved 1048576K
}
Event: 3.305 GC heap after
{Heap after GC invocations=6 (full 0):
 garbage-first heap   total 49152K, used 18746K [0x0000000707000000, 0x0000000800000000)
  region size 2048K, 2 young (4096K), 2 survivors (4096K)
 Metaspace       used 31198K, committed 31424K, reserved 1081344K
  class space    used 3772K, committed 3904K, reserved 1048576K
}
Event: 3.733 GC heap before
{Heap before GC invocations=6 (full 0):
 garbage-first heap   total 49152K, used 35130K [0x0000000707000000, 0x0000000800000000)
  region size 2048K, 10 young (20480K), 2 survivors (4096K)
 Metaspace       used 33586K, committed 33792K, reserved 1081344K
  class space    used 4268K, committed 4352K, reserved 1048576K
}
Event: 3.746 GC heap after
{Heap after GC invocations=7 (full 0):
 garbage-first heap   total 49152K, used 24576K [0x0000000707000000, 0x0000000800000000)
  region size 2048K, 2 young (4096K), 2 survivors (4096K)
 Metaspace       used 33586K, committed 33792K, reserved 1081344K
  class space    used 4268K, committed 4352K, reserved 1048576K
}
Event: 3.957 GC heap before
{Heap before GC invocations=7 (full 0):
 garbage-first heap   total 49152K, used 34816K [0x0000000707000000, 0x0000000800000000)
  region size 2048K, 8 young (16384K), 2 survivors (4096K)
 Metaspace       used 35934K, committed 36096K, reserved 1081344K
  class space    used 4516K, committed 4608K, reserved 1048576K
}
Event: 3.970 GC heap after
{Heap after GC invocations=8 (full 0):
 garbage-first heap   total 49152K, used 26091K [0x0000000707000000, 0x0000000800000000)
  region size 2048K, 1 young (2048K), 1 survivors (2048K)
 Metaspace       used 35934K, committed 36096K, reserved 1081344K
  class space    used 4516K, committed 4608K, reserved 1048576K
}
Event: 4.226 GC heap before
{Heap before GC invocations=9 (full 0):
 garbage-first heap   total 49152K, used 36331K [0x0000000707000000, 0x0000000800000000)
  region size 2048K, 6 young (12288K), 1 survivors (2048K)
 Metaspace       used 37795K, committed 38016K, reserved 1089536K
  class space    used 4727K, committed 4800K, reserved 1048576K
}
Event: 4.232 GC heap after
{Heap after GC invocations=10 (full 0):
 garbage-first heap   total 49152K, used 25211K [0x0000000707000000, 0x0000000800000000)
  region size 2048K, 1 young (2048K), 1 survivors (2048K)
 Metaspace       used 37795K, committed 38016K, reserved 1089536K
  class space    used 4727K, committed 4800K, reserved 1048576K
}
Event: 4.276 GC heap before
{Heap before GC invocations=10 (full 0):
 garbage-first heap   total 49152K, used 27259K [0x0000000707000000, 0x0000000800000000)
  region size 2048K, 2 young (4096K), 1 survivors (2048K)
 Metaspace       used 38182K, committed 38400K, reserved 1089536K
  class space    used 4781K, committed 4864K, reserved 1048576K
}
Event: 4.283 GC heap after
{Heap after GC invocations=11 (full 0):
 garbage-first heap   total 153600K, used 25171K [0x0000000707000000, 0x0000000800000000)
  region size 2048K, 1 young (2048K), 1 survivors (2048K)
 Metaspace       used 38182K, committed 38400K, reserved 1089536K
  class space    used 4781K, committed 4864K, reserved 1048576K
}

